<?xml version="1.0" encoding="UTF-8"?>
<!-- Generated by org.testng.reporters.JUnitXMLReporter -->
<testsuite ignored="0" hostname="DESKTOP-FID91T4" failures="0" tests="3" name="Default test" time="7.713" errors="0" timestamp="2024-01-23T19:53:47 IST">
  <testcase classname="com.phase3.restassured.assessment005.GetRequestUsingQueryparam" name="getRequestByPendingTest" time="4.489"/>
  <testcase classname="com.phase3.restassured.assessment005.GetRequestUsingQueryparam" name="getRequestBySoldTest" time="1.483"/>
  <testcase classname="com.phase3.restassured.assessment005.GetRequestUsingQueryparam" name="getRequestByStatusTest" time="1.641"/>
</testsuite> <!-- Default test -->
