<?xml version="1.0" encoding="UTF-8"?>
<testng-results ignored="0" total="8" passed="8" failed="0" skipped="0">
  <reporter-output>
  </reporter-output>
  <suite started-at="2024-01-23T20:05:34 IST" name="RestAssured Test phase3" finished-at="2024-01-23T20:05:50 IST" duration-ms="16063">
    <groups>
    </groups>
    <test started-at="2024-01-23T20:05:34 IST" name="pet APIs" finished-at="2024-01-23T20:05:44 IST" duration-ms="10129">
      <class name="com.phase3.restassured.assessment001.GetRequest">
        <test-method signature="getRequestTest()[pri:0, instance:com.phase3.restassured.assessment001.GetRequest@15a34df2]" started-at="2024-01-23T20:05:39 IST" name="getRequestTest" description="Test for executing GET request using rest assured" finished-at="2024-01-23T20:05:41 IST" duration-ms="2062" status="PASS">
          <reporter-output>
          </reporter-output>
        </test-method> <!-- getRequestTest -->
      </class> <!-- com.phase3.restassured.assessment001.GetRequest -->
      <class name="com.phase3.restassured.assessment001.PostPetRequest">
        <test-method signature="testPost()[pri:0, instance:com.phase3.restassured.assessment001.PostPetRequest@673fdbce]" started-at="2024-01-23T20:05:34 IST" name="testPost" finished-at="2024-01-23T20:05:39 IST" duration-ms="5080" status="PASS">
          <reporter-output>
          </reporter-output>
        </test-method> <!-- testPost -->
      </class> <!-- com.phase3.restassured.assessment001.PostPetRequest -->
      <class name="com.phase3.restassured.assessment002.PutRequest">
        <test-method signature="testPost()[pri:0, instance:com.phase3.restassured.assessment002.PutRequest@5b38c1ec]" started-at="2024-01-23T20:05:41 IST" name="testPost" finished-at="2024-01-23T20:05:42 IST" duration-ms="1439" status="PASS">
          <reporter-output>
          </reporter-output>
        </test-method> <!-- testPost -->
      </class> <!-- com.phase3.restassured.assessment002.PutRequest -->
      <class name="com.phase3.restassured.assessment001.DeleteRequest">
        <test-method signature="deleteRequestTest()[pri:0, instance:com.phase3.restassured.assessment001.DeleteRequest@338fc1d8]" started-at="2024-01-23T20:05:42 IST" name="deleteRequestTest" description="Test for executing POST request using rest assured" finished-at="2024-01-23T20:05:44 IST" duration-ms="1461" status="PASS">
          <reporter-output>
          </reporter-output>
        </test-method> <!-- deleteRequestTest -->
      </class> <!-- com.phase3.restassured.assessment001.DeleteRequest -->
    </test> <!-- pet APIs -->
    <test started-at="2024-01-23T20:05:44 IST" name="User APIs" finished-at="2024-01-23T20:05:50 IST" duration-ms="5879">
      <class name="com.phase3.restassured.assessment004.UserLoginTest">
        <test-method signature="getLoginRequestTest()[pri:0, instance:com.phase3.restassured.assessment004.UserLoginTest@2254127a]" started-at="2024-01-23T20:05:44 IST" name="getLoginRequestTest" description="Test for executing GET request using rest assured" finished-at="2024-01-23T20:05:45 IST" duration-ms="1414" status="PASS">
          <reporter-output>
          </reporter-output>
        </test-method> <!-- getLoginRequestTest -->
      </class> <!-- com.phase3.restassured.assessment004.UserLoginTest -->
      <class name="com.phase3.restassured.assessment005.GetRequestUsingQueryparam">
        <test-method signature="getRequestByPendingTest()[pri:0, instance:com.phase3.restassured.assessment005.GetRequestUsingQueryparam@51891008]" started-at="2024-01-23T20:05:45 IST" name="getRequestByPendingTest" finished-at="2024-01-23T20:05:47 IST" duration-ms="1393" status="PASS">
          <reporter-output>
          </reporter-output>
        </test-method> <!-- getRequestByPendingTest -->
        <test-method signature="getRequestBySoldTest()[pri:0, instance:com.phase3.restassured.assessment005.GetRequestUsingQueryparam@51891008]" started-at="2024-01-23T20:05:47 IST" name="getRequestBySoldTest" finished-at="2024-01-23T20:05:48 IST" duration-ms="1419" status="PASS">
          <reporter-output>
          </reporter-output>
        </test-method> <!-- getRequestBySoldTest -->
        <test-method signature="getRequestByStatusTest()[pri:0, instance:com.phase3.restassured.assessment005.GetRequestUsingQueryparam@51891008]" started-at="2024-01-23T20:05:48 IST" name="getRequestByStatusTest" description="Test for executing GET request using rest assured" finished-at="2024-01-23T20:05:50 IST" duration-ms="1638" status="PASS">
          <reporter-output>
          </reporter-output>
        </test-method> <!-- getRequestByStatusTest -->
      </class> <!-- com.phase3.restassured.assessment005.GetRequestUsingQueryparam -->
    </test> <!-- User APIs -->
  </suite> <!-- RestAssured Test phase3 -->
</testng-results>
