<?xml version="1.0" encoding="UTF-8"?>
<!-- Generated by org.testng.reporters.JUnitXMLReporter -->
<testsuite ignored="0" hostname="DESKTOP-FID91T4" failures="0" tests="4" name="pet APIs" time="10.129" errors="0" timestamp="2024-01-23T20:05:44 IST">
  <testcase classname="com.phase3.restassured.assessment001.PostPetRequest" name="testPost" time="5.08"/>
  <testcase classname="com.phase3.restassured.assessment001.GetRequest" name="getRequestTest" time="2.062"/>
  <testcase classname="com.phase3.restassured.assessment002.PutRequest" name="testPost" time="1.439"/>
  <testcase classname="com.phase3.restassured.assessment001.DeleteRequest" name="deleteRequestTest" time="1.461"/>
</testsuite> <!-- pet APIs -->
