<?xml version="1.0" encoding="UTF-8"?>
<!-- Generated by org.testng.reporters.JUnitXMLReporter -->
<testsuite ignored="0" hostname="DESKTOP-FID91T4" failures="0" tests="4" name="User APIs" time="5.879" errors="0" timestamp="2024-01-23T20:05:50 IST">
  <testcase classname="com.phase3.restassured.assessment004.UserLoginTest" name="getLoginRequestTest" time="1.414"/>
  <testcase classname="com.phase3.restassured.assessment005.GetRequestUsingQueryparam" name="getRequestByPendingTest" time="1.393"/>
  <testcase classname="com.phase3.restassured.assessment005.GetRequestUsingQueryparam" name="getRequestBySoldTest" time="1.419"/>
  <testcase classname="com.phase3.restassured.assessment005.GetRequestUsingQueryparam" name="getRequestByStatusTest" time="1.638"/>
</testsuite> <!-- User APIs -->
